#
# There is insufficient memory for the Java Runtime Environment to continue.
# Native memory allocation (malloc) failed to allocate 1048816 bytes for Chunk::new
# Possible reasons:
#   The system is out of physical RAM or swap space
#   In 32 bit mode, the process size limit was hit
# Possible solutions:
#   Reduce memory load on the system
#   Increase physical memory or swap space
#   Check if swap backing store is full
#   Use 64 bit Java on a 64 bit OS
#   Decrease Java heap size (-Xmx/-Xms)
#   Decrease number of Java threads
#   Decrease Java thread stack sizes (-Xss)
#   Set larger code cache with -XX:ReservedCodeCacheSize=
# This output file may be truncated or incomplete.
#
#  Out of Memory Error (allocation.cpp:390), pid=1048, tid=0x0000000000001390
#
# JRE version: Java(TM) SE Runtime Environment (8.0_151-b12) (build 1.8.0_151-b12)
# Java VM: Java HotSpot(TM) 64-Bit Server VM (25.151-b12 mixed mode windows-amd64 compressed oops)
# Failed to write core dump. Minidumps are not enabled by default on client versions of Windows
#

---------------  T H R E A D  ---------------

Current thread (0x0000000018e0a000):  JavaThread "C2 CompilerThread1" daemon [_thread_in_native, id=5008, stack(0x0000000019500000,0x0000000019600000)]

Stack: [0x0000000019500000,0x0000000019600000]
[error occurred during error reporting (printing stack bounds), id 0xc0000005]

Native frames: (J=compiled Java code, j=interpreted, Vv=VM code, C=native code)


Current CompileTask:
C2: 114646 19808       4       com.android.tools.r8.org.objectweb.asm.ClassReader::readCode (3575 bytes)


---------------  P R O C E S S  ---------------

Java Threads: ( => current thread )
  0x000000002a137000 JavaThread "ForkJoinPool.commonPool-worker-33" daemon [_thread_blocked, id=11240, stack(0x0000000030860000,0x0000000030960000)]
  0x000000002a136800 JavaThread "ForkJoinPool.commonPool-worker-40" daemon [_thread_blocked, id=3476, stack(0x0000000030760000,0x0000000030860000)]
  0x000000002a132000 JavaThread "ForkJoinPool.commonPool-worker-47" daemon [_thread_blocked, id=2592, stack(0x0000000030660000,0x0000000030760000)]
  0x000000002a134000 JavaThread "ForkJoinPool.commonPool-worker-54" daemon [_thread_blocked, id=3956, stack(0x0000000030560000,0x0000000030660000)]
  0x000000001de89000 JavaThread "ForkJoinPool.commonPool-worker-61" daemon [_thread_blocked, id=10928, stack(0x0000000030460000,0x0000000030560000)]
  0x000000001a883000 JavaThread "ForkJoinPool.commonPool-worker-35" daemon [_thread_blocked, id=1236, stack(0x0000000030360000,0x0000000030460000)]
  0x000000001c57c800 JavaThread "ForkJoinPool.commonPool-worker-42" daemon [_thread_blocked, id=3108, stack(0x0000000030260000,0x0000000030360000)]
  0x000000001c571800 JavaThread "ForkJoinPool.commonPool-worker-49" daemon [_thread_blocked, id=9496, stack(0x0000000030160000,0x0000000030260000)]
  0x000000001c574800 JavaThread "ForkJoinPool.commonPool-worker-56" daemon [_thread_blocked, id=5392, stack(0x0000000030060000,0x0000000030160000)]
  0x000000001eb4d000 JavaThread "ForkJoinPool.commonPool-worker-63" daemon [_thread_blocked, id=380, stack(0x000000002ff60000,0x0000000030060000)]
  0x000000001eb4c000 JavaThread "ForkJoinPool.commonPool-worker-39" daemon [_thread_blocked, id=10260, stack(0x000000002fe60000,0x000000002ff60000)]
  0x000000001eb44800 JavaThread "ForkJoinPool.commonPool-worker-50" daemon [_thread_blocked, id=11000, stack(0x000000002fd60000,0x000000002fe60000)]
  0x000000001eb4a800 JavaThread "ForkJoinPool.commonPool-worker-53" daemon [_thread_blocked, id=8744, stack(0x000000002fc60000,0x000000002fd60000)]
  0x000000001eb4a000 JavaThread "ForkJoinPool.commonPool-worker-60" daemon [_thread_blocked, id=4304, stack(0x000000002fb60000,0x000000002fc60000)]
  0x000000001eb49000 JavaThread "ForkJoinPool.commonPool-worker-34" daemon [_thread_blocked, id=4764, stack(0x000000002fa60000,0x000000002fb60000)]
  0x000000001e0a0000 JavaThread "ForkJoinPool.commonPool-worker-41" daemon [_thread_blocked, id=8528, stack(0x000000002f960000,0x000000002fa60000)]
  0x000000001e09e800 JavaThread "ForkJoinPool.commonPool-worker-48" daemon [_thread_blocked, id=2384, stack(0x000000002f860000,0x000000002f960000)]
  0x000000001e09f800 JavaThread "ForkJoinPool.commonPool-worker-55" daemon [_thread_blocked, id=6196, stack(0x000000002e790000,0x000000002e890000)]
  0x000000001e097000 JavaThread "ForkJoinPool.commonPool-worker-62" daemon [_thread_blocked, id=5996, stack(0x000000002e690000,0x000000002e790000)]
  0x000000001e09e000 JavaThread "ForkJoinPool.commonPool-worker-38" daemon [_thread_blocked, id=10736, stack(0x000000002e590000,0x000000002e690000)]
  0x000000001e09b800 JavaThread "ForkJoinPool.commonPool-worker-46" daemon [_thread_in_Java, id=6100, stack(0x000000002e490000,0x000000002e590000)]
  0x000000001e093000 JavaThread "ForkJoinPool.commonPool-worker-30" daemon [_thread_blocked, id=6776, stack(0x000000002e390000,0x000000002e490000)]
  0x000000001e09a000 JavaThread "ForkJoinPool.commonPool-worker-26" daemon [_thread_blocked, id=3268, stack(0x000000002e290000,0x000000002e390000)]
  0x000000001e099000 JavaThread "ForkJoinPool.commonPool-worker-20" daemon [_thread_blocked, id=8976, stack(0x000000002e190000,0x000000002e290000)]
  0x000000001e091000 JavaThread "ForkJoinPool.commonPool-worker-16" daemon [_thread_blocked, id=5444, stack(0x000000002e090000,0x000000002e190000)]
  0x000000001de95800 JavaThread "ForkJoinPool.commonPool-worker-19" daemon [_thread_blocked, id=10624, stack(0x000000002df90000,0x000000002e090000)]
  0x000000001de96800 JavaThread "ForkJoinPool.commonPool-worker-22" daemon [_thread_blocked, id=9640, stack(0x000000002de90000,0x000000002df90000)]
  0x000000001de94000 JavaThread "ForkJoinPool.commonPool-worker-29" daemon [_thread_blocked, id=7348, stack(0x000000002dd90000,0x000000002de90000)]
  0x000000001de8c800 JavaThread "ForkJoinPool.commonPool-worker-27" daemon [_thread_blocked, id=11204, stack(0x000000002dc90000,0x000000002dd90000)]
  0x000000001de93800 JavaThread "ForkJoinPool.commonPool-worker-28" daemon [_thread_blocked, id=10880, stack(0x000000002db90000,0x000000002dc90000)]
  0x000000001de90800 JavaThread "ForkJoinPool.commonPool-worker-18" daemon [_thread_blocked, id=10992, stack(0x000000002da90000,0x000000002db90000)]
  0x000000001de8c000 JavaThread "ForkJoinPool.commonPool-worker-25" daemon [_thread_blocked, id=11100, stack(0x000000002d990000,0x000000002da90000)]
  0x000000001de92800 JavaThread "ForkJoinPool.commonPool-worker-17" daemon [_thread_blocked, id=10708, stack(0x000000002d890000,0x000000002d990000)]
  0x000000001de8b000 JavaThread "ForkJoinPool.commonPool-worker-24" daemon [_thread_blocked, id=9416, stack(0x000000002d790000,0x000000002d890000)]
  0x000000001de92000 JavaThread "ForkJoinPool.commonPool-worker-31" daemon [_thread_in_Java, id=10412, stack(0x000000002d690000,0x000000002d790000)]
  0x000000001de8f000 JavaThread "ForkJoinPool.commonPool-worker-23" daemon [_thread_blocked, id=10364, stack(0x000000002d590000,0x000000002d690000)]
  0x000000001de8a800 JavaThread "ForkJoinPool.commonPool-worker-21" daemon [_thread_blocked, id=10024, stack(0x000000002d490000,0x000000002d590000)]
  0x000000001de88000 JavaThread "ForkJoinPool.commonPool-worker-11" daemon [_thread_blocked, id=692, stack(0x000000002d390000,0x000000002d490000)]
  0x000000001de8e000 JavaThread "ForkJoinPool.commonPool-worker-14" daemon [_thread_blocked, id=9992, stack(0x000000002d290000,0x000000002d390000)]
  0x000000001de8d800 JavaThread "ForkJoinPool.commonPool-worker-12" daemon [_thread_blocked, id=9572, stack(0x000000002d190000,0x000000002d290000)]
  0x000000001de87800 JavaThread "ForkJoinPool.commonPool-worker-10" daemon [_thread_blocked, id=11008, stack(0x000000002d090000,0x000000002d190000)]
  0x000000001c57c000 JavaThread "ForkJoinPool.commonPool-worker-8" daemon [_thread_blocked, id=10744, stack(0x000000002cf90000,0x000000002d090000)]
  0x000000001c57b000 JavaThread "ForkJoinPool.commonPool-worker-15" daemon [_thread_in_Java, id=10472, stack(0x000000002ce90000,0x000000002cf90000)]
  0x000000001c57a800 JavaThread "ForkJoinPool.commonPool-worker-13" daemon [_thread_blocked, id=10524, stack(0x000000002cd90000,0x000000002ce90000)]
  0x000000001c579800 JavaThread "ForkJoinPool.commonPool-worker-9" daemon [_thread_blocked, id=4024, stack(0x000000002cc90000,0x000000002cd90000)]
  0x000000001c57e000 JavaThread "ForkJoinPool.commonPool-worker-4" daemon [_thread_blocked, id=7256, stack(0x000000002cb90000,0x000000002cc90000)]
  0x000000001c57d800 JavaThread "ForkJoinPool.commonPool-worker-7" daemon [_thread_blocked, id=3536, stack(0x000000002ca90000,0x000000002cb90000)]
  0x000000001c572000 JavaThread "ForkJoinPool.commonPool-worker-5" daemon [_thread_blocked, id=384, stack(0x000000002c990000,0x000000002ca90000)]
  0x000000001c577800 JavaThread "ForkJoinPool.commonPool-worker-6" daemon [_thread_blocked, id=2240, stack(0x000000002c890000,0x000000002c990000)]
  0x000000001c576800 JavaThread "ForkJoinPool.commonPool-worker-3" daemon [_thread_blocked, id=7104, stack(0x000000002c790000,0x000000002c890000)]
  0x000000001c578000 JavaThread "ForkJoinPool.commonPool-worker-2" daemon [_thread_blocked, id=8820, stack(0x000000002c690000,0x000000002c790000)]
  0x000000001c579000 JavaThread "ForkJoinPool.commonPool-worker-1" daemon [_thread_blocked, id=11172, stack(0x000000002c590000,0x000000002c690000)]
  0x000000001c56f000 JavaThread "ForkJoinPool.commonPool-worker-0" daemon [_thread_blocked, id=10288, stack(0x000000002c490000,0x000000002c590000)]
  0x000000001c573800 JavaThread "Worker Daemon Execution Thread 2" [_thread_blocked, id=8152, stack(0x000000002c090000,0x000000002c190000)]
  0x000000001eb4b800 JavaThread "Worker Daemon Execution" [_thread_blocked, id=7488, stack(0x000000002bf90000,0x000000002c090000)]
  0x000000001e094000 JavaThread "Worker Daemon Execution" [_thread_blocked, id=9128, stack(0x0000000025ba0000,0x0000000025ca0000)]
  0x000000001e092800 JavaThread "Cache worker for Java compile cache (E:\Adroid\Show\.gradle\4.4\javaCompile)" [_thread_blocked, id=10244, stack(0x00000000250a0000,0x00000000251a0000)]
  0x000000001eb48800 JavaThread "Task worker for ':' Thread 3" [_thread_blocked, id=216, stack(0x00000000246a0000,0x00000000247a0000)]
  0x000000001eb41000 JavaThread "Task worker for ':' Thread 2" [_thread_blocked, id=7240, stack(0x00000000245a0000,0x00000000246a0000)]
  0x000000001eb47800 JavaThread "Task worker for ':'" [_thread_blocked, id=8920, stack(0x00000000244a0000,0x00000000245a0000)]
  0x000000001eb47000 JavaThread "Cache worker for Build Output Cleanup Cache (E:\Adroid\Show\.gradle\buildOutputCleanup)" [_thread_blocked, id=9700, stack(0x0000000024130000,0x0000000024230000)]
  0x000000001eb40000 JavaThread "Cache worker for task history cache (E:\Adroid\Show\.gradle\4.4\taskHistory)" [_thread_blocked, id=1700, stack(0x0000000023e30000,0x0000000023f30000)]
  0x000000001eb3e800 JavaThread "Cache worker for file content cache (E:\Adroid\Show\.gradle\4.4\fileContent)" [_thread_blocked, id=9972, stack(0x00000000238b0000,0x00000000239b0000)]
  0x000000001eb44000 JavaThread "Memory manager" [_thread_blocked, id=7636, stack(0x0000000022b00000,0x0000000022c00000)]
  0x000000001eb42800 JavaThread "pool-1-thread-1" [_thread_blocked, id=7396, stack(0x0000000022360000,0x0000000022460000)]
  0x000000001eb41800 JavaThread "build operations Thread 4" [_thread_blocked, id=10672, stack(0x0000000022260000,0x0000000022360000)]
  0x000000001eb3e000 JavaThread "build operations Thread 3" [_thread_blocked, id=9480, stack(0x0000000022160000,0x0000000022260000)]
  0x000000001a882800 JavaThread "build operations Thread 2" [_thread_blocked, id=10396, stack(0x0000000022060000,0x0000000022160000)]
  0x000000001a881800 JavaThread "build operations" [_thread_blocked, id=7692, stack(0x0000000021f60000,0x0000000022060000)]
  0x000000001a880000 JavaThread "Cache worker for Artifact transforms cache (C:\Users\ice\.gradle\caches\transforms-1)" [_thread_blocked, id=5712, stack(0x0000000021b60000,0x0000000021c60000)]
  0x000000001a87f800 JavaThread "Cache worker for file hash cache (E:\Adroid\Show\.gradle\4.4\fileHashes)" [_thread_blocked, id=10032, stack(0x000000001d260000,0x000000001d360000)]
  0x000000001a886000 JavaThread "File lock request listener" [_thread_in_native, id=8324, stack(0x000000001c190000,0x000000001c290000)]
  0x000000001a881000 JavaThread "Cache worker for file hash cache (C:\Users\ice\.gradle\caches\4.4\fileHashes)" [_thread_blocked, id=10304, stack(0x000000001c090000,0x000000001c190000)]
  0x000000001a884800 JavaThread "Asynchronous log dispatcher for DefaultDaemonConnection: socket connection from /127.0.0.1:54953 to /127.0.0.1:54954" [_thread_blocked, id=8684, stack(0x000000001bc90000,0x000000001bd90000)]
  0x000000001a884000 JavaThread "Daemon worker" [_thread_blocked, id=10668, stack(0x000000001bb90000,0x000000001bc90000)]
  0x000000001a885800 JavaThread "Cancel handler" [_thread_blocked, id=10888, stack(0x000000001ba90000,0x000000001bb90000)]
  0x000000001ab17000 JavaThread "Handler for socket connection from /127.0.0.1:54953 to /127.0.0.1:54954" [_thread_in_native, id=11144, stack(0x000000001b790000,0x000000001b890000)]
  0x000000001ab12000 JavaThread "Daemon" [_thread_blocked, id=9520, stack(0x000000001b690000,0x000000001b790000)]
  0x000000001a850800 JavaThread "Daemon periodic checks" [_thread_blocked, id=6612, stack(0x000000001b590000,0x000000001b690000)]
  0x000000001aaef800 JavaThread "Incoming local TCP Connector on port 54953" [_thread_in_native, id=9952, stack(0x000000001b3f0000,0x000000001b4f0000)]
  0x000000001a286800 JavaThread "Daemon health stats" [_thread_blocked, id=3944, stack(0x000000001b0d0000,0x000000001b1d0000)]
  0x0000000018e92800 JavaThread "Service Thread" daemon [_thread_blocked, id=10640, stack(0x0000000019700000,0x0000000019800000)]
  0x0000000018e0d000 JavaThread "C1 CompilerThread2" daemon [_thread_blocked, id=9876, stack(0x0000000019600000,0x0000000019700000)]
=>0x0000000018e0a000 JavaThread "C2 CompilerThread1" daemon [_thread_in_native, id=5008, stack(0x0000000019500000,0x0000000019600000)]
  0x0000000017b0d000 JavaThread "C2 CompilerThread0" daemon [_thread_in_native, id=10372, stack(0x0000000019400000,0x0000000019500000)]
  0x0000000017b0b800 JavaThread "Attach Listener" daemon [_thread_blocked, id=10216, stack(0x0000000019300000,0x0000000019400000)]
  0x0000000017abd000 JavaThread "Signal Dispatcher" daemon [_thread_blocked, id=5704, stack(0x0000000019200000,0x0000000019300000)]
  0x0000000017a99000 JavaThread "Finalizer" daemon [_thread_blocked, id=9424, stack(0x0000000018d00000,0x0000000018e00000)]
  0x00000000053d1000 JavaThread "Reference Handler" daemon [_thread_blocked, id=908, stack(0x0000000018c00000,0x0000000018d00000)]
  0x00000000052e1000 JavaThread "main" [_thread_blocked, id=10116, stack(0x0000000004dc0000,0x0000000004ec0000)]

Other Threads:
  0x0000000017a77800 VMThread [stack: 0x0000000018b00000,0x0000000018c00000] [id=11212]
  0x0000000018ec5800 WatcherThread [stack: 0x0000000019800000,0x0000000019900000] [id=7312]

VM state:not at safepoint (normal execution)

VM Mutex/Monitor currently owned by a thread: None

Heap:
 PSYoungGen      total 257536K, used 43520K [0x00000000eab00000, 0x0000000100000000, 0x0000000100000000)
  eden space 166912K, 26% used [0x00000000eab00000,0x00000000ed580080,0x00000000f4e00000)
  from space 90624K, 0% used [0x00000000fa780000,0x00000000fa780000,0x0000000100000000)
  to   space 91136K, 0% used [0x00000000f4e00000,0x00000000f4e00000,0x00000000fa700000)
 ParOldGen       total 281088K, used 131389K [0x00000000c0000000, 0x00000000d1280000, 0x00000000eab00000)
  object space 281088K, 46% used [0x00000000c0000000,0x00000000c804f540,0x00000000d1280000)
 Metaspace       used 89280K, capacity 93494K, committed 93696K, reserved 1130496K
  class space    used 11275K, capacity 12214K, committed 12288K, reserved 1048576K

Card table byte_map: [0x00000000147a0000,0x00000000149b0000] byte_map_base: 0x00000000141a0000

Marking Bits: (ParMarkBitMap*) 0x000000006a9ed850
 Begin Bits: [0x0000000014f10000, 0x0000000015f10000)
 End Bits:   [0x0000000015f10000, 0x0000000016f10000)

Polling page: 0x0000000003200000

CodeCache: size=245760Kb used=55491Kb max_used=55518Kb free=190268Kb
 bounds [0x00000000053e0000, 0x0000000008a70000, 0x00000000143e0000]
 total_blobs=16747 nmethods=15853 adapters=804
 compilation: enabled

Compilation events (10 events):
Event: 114.121 Thread 0x0000000018e0d000 19860       2       java.util.LinkedList::removeLast (23 bytes)
Event: 114.121 Thread 0x0000000018e0d000 nmethod 19860 0x00000000058071d0 code [0x0000000005807340, 0x0000000005807578]
Event: 114.122 Thread 0x0000000018e0d000 19861       2       java.util.LinkedList::unlinkLast (64 bytes)
Event: 114.122 Thread 0x0000000018e0d000 nmethod 19861 0x0000000008a30a50 code [0x0000000008a30ba0, 0x0000000008a30d90]
Event: 114.548 Thread 0x0000000018e0d000 19864       2       java.util.concurrent.ConcurrentHashMap::addCount (292 bytes)
Event: 114.549 Thread 0x0000000018e0d000 nmethod 19864 0x0000000008a2fb50 code [0x0000000008a2fd00, 0x0000000008a301f8]
Event: 114.556 Thread 0x0000000017b0d000 nmethod 19627% 0x0000000008a50890 code [0x0000000008a50f20, 0x0000000008a57800]
Event: 114.557 Thread 0x0000000017b0d000 19775       4       com.android.tools.r8.ir.regalloc.LinearScanRegisterAllocator::allocateSingleInterval (807 bytes)
Event: 114.568 Thread 0x0000000018e0d000 19865 %     3       java.util.IdentityHashMap$KeySpliterator::forEachRemaining @ 59 (112 bytes)
Event: 114.569 Thread 0x0000000018e0d000 nmethod 19865% 0x0000000008a4f9d0 code [0x0000000008a4fbc0, 0x0000000008a50478]

GC Heap History (10 events):
Event: 111.556 GC heap before
{Heap before GC invocations=22 (full 3):
 PSYoungGen      total 252928K, used 234791K [0x00000000eab00000, 0x0000000100000000, 0x0000000100000000)
  eden space 192512K, 100% used [0x00000000eab00000,0x00000000f6700000,0x00000000f6700000)
  from space 60416K, 69% used [0x00000000fc500000,0x00000000fee49df0,0x0000000100000000)
  to   space 78336K, 0% used [0x00000000f6700000,0x00000000f6700000,0x00000000fb380000)
 ParOldGen       total 162304K, used 124471K [0x00000000c0000000, 0x00000000c9e80000, 0x00000000eab00000)
  object space 162304K, 76% used [0x00000000c0000000,0x00000000c798de40,0x00000000c9e80000)
 Metaspace       used 88909K, capacity 93180K, committed 93440K, reserved 1130496K
  class space    used 11285K, capacity 12245K, committed 12288K, reserved 1048576K
Event: 111.611 GC heap after
Heap after GC invocations=22 (full 3):
 PSYoungGen      total 240640K, used 48086K [0x00000000eab00000, 0x0000000100000000, 0x0000000100000000)
  eden space 192512K, 0% used [0x00000000eab00000,0x00000000eab00000,0x00000000f6700000)
  from space 48128K, 99% used [0x00000000f6700000,0x00000000f95f5a68,0x00000000f9600000)
  to   space 79872K, 0% used [0x00000000fb200000,0x00000000fb200000,0x0000000100000000)
 ParOldGen       total 162304K, used 124479K [0x00000000c0000000, 0x00000000c9e80000, 0x00000000eab00000)
  object space 162304K, 76% used [0x00000000c0000000,0x00000000c798fe40,0x00000000c9e80000)
 Metaspace       used 88909K, capacity 93180K, committed 93440K, reserved 1130496K
  class space    used 11285K, capacity 12245K, committed 12288K, reserved 1048576K
}
Event: 112.758 GC heap before
{Heap before GC invocations=23 (full 3):
 PSYoungGen      total 240640K, used 240598K [0x00000000eab00000, 0x0000000100000000, 0x0000000100000000)
  eden space 192512K, 100% used [0x00000000eab00000,0x00000000f6700000,0x00000000f6700000)
  from space 48128K, 99% used [0x00000000f6700000,0x00000000f95f5a68,0x00000000f9600000)
  to   space 79872K, 0% used [0x00000000fb200000,0x00000000fb200000,0x0000000100000000)
 ParOldGen       total 162304K, used 124479K [0x00000000c0000000, 0x00000000c9e80000, 0x00000000eab00000)
  object space 162304K, 76% used [0x00000000c0000000,0x00000000c798fe40,0x00000000c9e80000)
 Metaspace       used 89194K, capacity 93488K, committed 93696K, reserved 1130496K
  class space    used 11293K, capacity 12247K, committed 12288K, reserved 1048576K
Event: 112.796 GC heap after
Heap after GC invocations=23 (full 3):
 PSYoungGen      total 259072K, used 58629K [0x00000000eab00000, 0x0000000100000000, 0x0000000100000000)
  eden space 179200K, 0% used [0x00000000eab00000,0x00000000eab00000,0x00000000f5a00000)
  from space 79872K, 73% used [0x00000000fb200000,0x00000000feb41478,0x0000000100000000)
  to   space 84992K, 0% used [0x00000000f5a00000,0x00000000f5a00000,0x00000000fad00000)
 ParOldGen       total 162304K, used 124487K [0x00000000c0000000, 0x00000000c9e80000, 0x00000000eab00000)
  object space 162304K, 76% used [0x00000000c0000000,0x00000000c7991e40,0x00000000c9e80000)
 Metaspace       used 89194K, capacity 93488K, committed 93696K, reserved 1130496K
  class space    used 11293K, capacity 12247K, committed 12288K, reserved 1048576K
}
Event: 113.668 GC heap before
{Heap before GC invocations=24 (full 3):
 PSYoungGen      total 259072K, used 237829K [0x00000000eab00000, 0x0000000100000000, 0x0000000100000000)
  eden space 179200K, 100% used [0x00000000eab00000,0x00000000f5a00000,0x00000000f5a00000)
  from space 79872K, 73% used [0x00000000fb200000,0x00000000feb41478,0x0000000100000000)
  to   space 84992K, 0% used [0x00000000f5a00000,0x00000000f5a00000,0x00000000fad00000)
 ParOldGen       total 162304K, used 124487K [0x00000000c0000000, 0x00000000c9e80000, 0x00000000eab00000)
  object space 162304K, 76% used [0x00000000c0000000,0x00000000c7991e40,0x00000000c9e80000)
 Metaspace       used 89293K, capacity 93556K, committed 93696K, reserved 1130496K
  class space    used 11294K, capacity 12247K, committed 12288K, reserved 1048576K
Event: 113.715 GC heap after
Heap after GC invocations=24 (full 3):
 PSYoungGen      total 242688K, used 63460K [0x00000000eab00000, 0x0000000100000000, 0x0000000100000000)
  eden space 179200K, 0% used [0x00000000eab00000,0x00000000eab00000,0x00000000f5a00000)
  from space 63488K, 99% used [0x00000000f5a00000,0x00000000f97f9330,0x00000000f9800000)
  to   space 90624K, 0% used [0x00000000fa780000,0x00000000fa780000,0x0000000100000000)
 ParOldGen       total 162304K, used 124495K [0x00000000c0000000, 0x00000000c9e80000, 0x00000000eab00000)
  object space 162304K, 76% used [0x00000000c0000000,0x00000000c7993e40,0x00000000c9e80000)
 Metaspace       used 89293K, capacity 93556K, committed 93696K, reserved 1130496K
  class space    used 11294K, capacity 12247K, committed 12288K, reserved 1048576K
}
Event: 114.138 GC heap before
{Heap before GC invocations=25 (full 3):
 PSYoungGen      total 242688K, used 242660K [0x00000000eab00000, 0x0000000100000000, 0x0000000100000000)
  eden space 179200K, 100% used [0x00000000eab00000,0x00000000f5a00000,0x00000000f5a00000)
  from space 63488K, 99% used [0x00000000f5a00000,0x00000000f97f9330,0x00000000f9800000)
  to   space 90624K, 0% used [0x00000000fa780000,0x00000000fa780000,0x0000000100000000)
 ParOldGen       total 162304K, used 124495K [0x00000000c0000000, 0x00000000c9e80000, 0x00000000eab00000)
  object space 162304K, 76% used [0x00000000c0000000,0x00000000c7993e40,0x00000000c9e80000)
 Metaspace       used 89334K, capacity 93624K, committed 93696K, reserved 1130496K
  class space    used 11294K, capacity 12247K, committed 12288K, reserved 1048576K
Event: 114.199 GC heap after
Heap after GC invocations=25 (full 3):
 PSYoungGen      total 257536K, used 54775K [0x00000000eab00000, 0x0000000100000000, 0x0000000100000000)
  eden space 166912K, 0% used [0x00000000eab00000,0x00000000eab00000,0x00000000f4e00000)
  from space 90624K, 60% used [0x00000000fa780000,0x00000000fdcfde88,0x0000000100000000)
  to   space 91136K, 0% used [0x00000000f4e00000,0x00000000f4e00000,0x00000000fa700000)
 ParOldGen       total 162304K, used 139202K [0x00000000c0000000, 0x00000000c9e80000, 0x00000000eab00000)
  object space 162304K, 85% used [0x00000000c0000000,0x00000000c87f0898,0x00000000c9e80000)
 Metaspace       used 89334K, capacity 93624K, committed 93696K, reserved 1130496K
  class space    used 11294K, capacity 12247K, committed 12288K, reserved 1048576K
}
Event: 114.199 GC heap before
{Heap before GC invocations=26 (full 4):
 PSYoungGen      total 257536K, used 54775K [0x00000000eab00000, 0x0000000100000000, 0x0000000100000000)
  eden space 166912K, 0% used [0x00000000eab00000,0x00000000eab00000,0x00000000f4e00000)
  from space 90624K, 60% used [0x00000000fa780000,0x00000000fdcfde88,0x0000000100000000)
  to   space 91136K, 0% used [0x00000000f4e00000,0x00000000f4e00000,0x00000000fa700000)
 ParOldGen       total 162304K, used 139202K [0x00000000c0000000, 0x00000000c9e80000, 0x00000000eab00000)
  object space 162304K, 85% used [0x00000000c0000000,0x00000000c87f0898,0x00000000c9e80000)
 Metaspace       used 89334K, capacity 93624K, committed 93696K, reserved 1130496K
  class space    used 11294K, capacity 12247K, committed 12288K, reserved 1048576K
Event: 114.546 GC heap after
Heap after GC invocations=26 (full 4):
 PSYoungGen      total 257536K, used 0K [0x00000000eab00000, 0x0000000100000000, 0x0000000100000000)
  eden space 166912K, 0% used [0x00000000eab00000,0x00000000eab00000,0x00000000f4e00000)
  from space 90624K, 0% used [0x00000000fa780000,0x00000000fa780000,0x0000000100000000)
  to   space 91136K, 0% used [0x00000000f4e00000,0x00000000f4e00000,0x00000000fa700000)
 ParOldGen       total 281088K, used 131389K [0x00000000c0000000, 0x00000000d1280000, 0x00000000eab00000)
  object space 281088K, 46% used [0x00000000c0000000,0x00000000c804f540,0x00000000d1280000)
 Metaspace       used 89280K, capacity 93494K, committed 93696K, reserved 1130496K
  class space    used 11275K, capacity 12214K, committed 12288K, reserved 1048576K
}

Deoptimization events (10 events):
Event: 112.903 Thread 0x000000001de93800 Uncommon trap: reason=class_check action=maybe_recompile pc=0x000000000884fde4 method=com.android.tools.r8.org.objectweb.asm.ClassReader.readCode(Lcom/android/tools/r8/org/objectweb/asm/MethodVisitor;Lcom/android/tools/r8/org/objectweb/asm/Context;I)V @ 2
Event: 113.184 Thread 0x000000002a132000 Uncommon trap: reason=unstable_if action=reinterpret pc=0x0000000008912d10 method=com.android.tools.r8.ir.regalloc.LinearScanRegisterAllocator.allocateSingleInterval(Lcom/android/tools/r8/ir/regalloc/LiveIntervals;Lcom/android/tools/r8/ir/regalloc/LinearS
Event: 113.356 Thread 0x000000002a137000 Uncommon trap: reason=unstable_if action=reinterpret pc=0x00000000085e0690 method=com.android.tools.r8.ir.regalloc.LiveIntervals.getSplitCovering(I)Lcom/android/tools/r8/ir/regalloc/LiveIntervals; @ 90
Event: 113.742 Thread 0x000000001c574800 Uncommon trap: reason=class_check action=maybe_recompile pc=0x000000000884fde4 method=com.android.tools.r8.org.objectweb.asm.ClassReader.readCode(Lcom/android/tools/r8/org/objectweb/asm/MethodVisitor;Lcom/android/tools/r8/org/objectweb/asm/Context;I)V @ 2
Event: 113.837 Thread 0x000000001c579000 Uncommon trap: reason=class_check action=maybe_recompile pc=0x000000000884c944 method=com.android.tools.r8.org.objectweb.asm.ClassReader.readCode(Lcom/android/tools/r8/org/objectweb/asm/MethodVisitor;Lcom/android/tools/r8/org/objectweb/asm/Context;I)V @ 2
Event: 113.851 Thread 0x000000002a137000 Uncommon trap: reason=class_check action=maybe_recompile pc=0x000000000884fde4 method=com.android.tools.r8.org.objectweb.asm.ClassReader.readCode(Lcom/android/tools/r8/org/objectweb/asm/MethodVisitor;Lcom/android/tools/r8/org/objectweb/asm/Context;I)V @ 2
Event: 113.861 Thread 0x000000002a137000 Uncommon trap: reason=unstable_if action=reinterpret pc=0x000000000897a1dc method=com.android.tools.r8.ir.conversion.JarState$Slot.isCategory1(Lcom/android/tools/r8/org/objectweb/asm/Type;)Z @ 11
Event: 113.975 Thread 0x000000001e09f800 Uncommon trap: reason=unstable_if action=reinterpret pc=0x00000000084812e8 method=java.util.concurrent.ConcurrentHashMap.computeIfAbsent(Ljava/lang/Object;Ljava/util/function/Function;)Ljava/lang/Object; @ 200
Event: 114.132 Thread 0x000000001de8b000 Uncommon trap: reason=unstable_if action=reinterpret pc=0x000000000584af54 method=java.util.concurrent.ConcurrentHashMap.addCount(JI)V @ 168
Event: 114.584 Thread 0x000000001c574800 Uncommon trap: reason=unstable_if action=reinterpret pc=0x00000000084228f8 method=com.android.tools.r8.graph.DexString.countBytes(Ljava/lang/String;)I @ 25

Internal exceptions (10 events):
Event: 109.649 Thread 0x000000001eb47800 Exception <a 'sun/nio/fs/WindowsException'> (0x00000000f4eca970) thrown at [C:\re\workspace\8-2-build-windows-amd64-cygwin\jdk8u151\9699\hotspot\src\share\vm\prims\jni.cpp, line 709]
Event: 109.655 Thread 0x000000001eb47800 Exception <a 'sun/nio/fs/WindowsException'> (0x00000000f4ee1bf0) thrown at [C:\re\workspace\8-2-build-windows-amd64-cygwin\jdk8u151\9699\hotspot\src\share\vm\prims\jni.cpp, line 709]
Event: 109.655 Thread 0x000000001eb47800 Exception <a 'sun/nio/fs/WindowsException'> (0x00000000f4ee2728) thrown at [C:\re\workspace\8-2-build-windows-amd64-cygwin\jdk8u151\9699\hotspot\src\share\vm\prims\jni.cpp, line 709]
Event: 109.655 Thread 0x000000001eb47800 Exception <a 'sun/nio/fs/WindowsException'> (0x00000000f4ee3c60) thrown at [C:\re\workspace\8-2-build-windows-amd64-cygwin\jdk8u151\9699\hotspot\src\share\vm\prims\jni.cpp, line 709]
Event: 109.663 Thread 0x000000001eb47800 Exception <a 'sun/nio/fs/WindowsException'> (0x00000000f4f2a9c8) thrown at [C:\re\workspace\8-2-build-windows-amd64-cygwin\jdk8u151\9699\hotspot\src\share\vm\prims\jni.cpp, line 709]
Event: 109.670 Thread 0x000000001eb47800 Exception <a 'sun/nio/fs/WindowsException'> (0x00000000f4f659a0) thrown at [C:\re\workspace\8-2-build-windows-amd64-cygwin\jdk8u151\9699\hotspot\src\share\vm\prims\jni.cpp, line 709]
Event: 109.675 Thread 0x000000001eb47800 Exception <a 'sun/nio/fs/WindowsException'> (0x00000000f4f7d4d0) thrown at [C:\re\workspace\8-2-build-windows-amd64-cygwin\jdk8u151\9699\hotspot\src\share\vm\prims\jni.cpp, line 709]
Event: 109.675 Thread 0x000000001eb47800 Exception <a 'sun/nio/fs/WindowsException'> (0x00000000f4f7e008) thrown at [C:\re\workspace\8-2-build-windows-amd64-cygwin\jdk8u151\9699\hotspot\src\share\vm\prims\jni.cpp, line 709]
Event: 109.675 Thread 0x000000001eb47800 Exception <a 'sun/nio/fs/WindowsException'> (0x00000000f4f7f540) thrown at [C:\re\workspace\8-2-build-windows-amd64-cygwin\jdk8u151\9699\hotspot\src\share\vm\prims\jni.cpp, line 709]
Event: 112.350 Thread 0x000000001eb44800 Exception <a 'sun/nio/fs/WindowsException'> (0x00000000f13eeab8) thrown at [C:\re\workspace\8-2-build-windows-amd64-cygwin\jdk8u151\9699\hotspot\src\share\vm\prims\jni.cpp, line 709]

Events (10 events):
Event: 114.615 Executing VM operation: RevokeBias
Event: 114.616 Executing VM operation: RevokeBias done
Event: 114.618 Executing VM operation: RevokeBias
Event: 114.618 Executing VM operation: RevokeBias done
Event: 114.624 Executing VM operation: RevokeBias
Event: 114.625 Executing VM operation: RevokeBias done
Event: 114.626 Executing VM operation: RevokeBias
Event: 114.626 Executing VM operation: RevokeBias done
Event: 114.627 Thread 0x000000001c57b000 DEOPT PACKING pc=0x00000000086d0052 sp=0x000000002cf8eb60
Event: 114.627 Thread 0x000000001c57b000 DEOPT UNPACKING pc=0x000000000542787f sp=0x000000002cf8e9d0 mode 0


Dynamic libraries:
0x00007ff67f5a0000 - 0x00007ff67f5d7000 	C:\Program Files\Java\jdk1.8.0_151\bin\java.exe
0x00007ffdeb200000 - 0x00007ffdeb3e0000 	C:\WINDOWS\SYSTEM32\ntdll.dll
0x00007ffdeaf30000 - 0x00007ffdeafde000 	C:\WINDOWS\System32\KERNEL32.DLL
0x00007ffde77f0000 - 0x00007ffde7a56000 	C:\WINDOWS\System32\KERNELBASE.dll
0x00007ffdeb000000 - 0x00007ffdeb0a1000 	C:\WINDOWS\System32\ADVAPI32.dll
0x00007ffde8bf0000 - 0x00007ffde8c8d000 	C:\WINDOWS\System32\msvcrt.dll
0x00007ffdea710000 - 0x00007ffdea76b000 	C:\WINDOWS\System32\sechost.dll
0x00007ffdeb0b0000 - 0x00007ffdeb1cf000 	C:\WINDOWS\System32\RPCRT4.dll
0x00007ffde8e10000 - 0x00007ffde8f9f000 	C:\WINDOWS\System32\USER32.dll
0x00007ffde81b0000 - 0x00007ffde81d0000 	C:\WINDOWS\System32\win32u.dll
0x00007ffde8de0000 - 0x00007ffde8e08000 	C:\WINDOWS\System32\GDI32.dll
0x00007ffde81d0000 - 0x00007ffde8363000 	C:\WINDOWS\System32\gdi32full.dll
0x00007ffde7650000 - 0x00007ffde76eb000 	C:\WINDOWS\System32\msvcp_win.dll
0x00007ffde76f0000 - 0x00007ffde77e6000 	C:\WINDOWS\System32\ucrtbase.dll
0x00007ffdd8480000 - 0x00007ffdd86e9000 	C:\WINDOWS\WinSxS\amd64_microsoft.windows.common-controls_6595b64144ccf1df_6.0.16299.371_none_15c7d1789365a290\COMCTL32.dll
0x00007ffdeac20000 - 0x00007ffdeaf28000 	C:\WINDOWS\System32\combase.dll
0x00007ffde8370000 - 0x00007ffde83e2000 	C:\WINDOWS\System32\bcryptPrimitives.dll
0x00007ffde9230000 - 0x00007ffde925d000 	C:\WINDOWS\System32\IMM32.DLL
0x000000006bf50000 - 0x000000006c022000 	C:\Program Files\Java\jdk1.8.0_151\jre\bin\msvcr100.dll
0x000000006a1d0000 - 0x000000006aa6d000 	C:\Program Files\Java\jdk1.8.0_151\jre\bin\server\jvm.dll
0x00007ffdeaaf0000 - 0x00007ffdeaaf8000 	C:\WINDOWS\System32\PSAPI.DLL
0x00007ffdd8470000 - 0x00007ffdd847a000 	C:\WINDOWS\SYSTEM32\VERSION.dll
0x00007ffde5800000 - 0x00007ffde5809000 	C:\WINDOWS\SYSTEM32\WSOCK32.dll
0x00007ffde39f0000 - 0x00007ffde3a13000 	C:\WINDOWS\SYSTEM32\WINMM.dll
0x00007ffdeab00000 - 0x00007ffdeab6c000 	C:\WINDOWS\System32\WS2_32.dll
0x00007ffde39c0000 - 0x00007ffde39ea000 	C:\WINDOWS\SYSTEM32\WINMMBASE.dll
0x00007ffde7600000 - 0x00007ffde764a000 	C:\WINDOWS\System32\cfgmgr32.dll
0x000000006bf40000 - 0x000000006bf4f000 	C:\Program Files\Java\jdk1.8.0_151\jre\bin\verify.dll
0x000000006bf10000 - 0x000000006bf39000 	C:\Program Files\Java\jdk1.8.0_151\jre\bin\java.dll
0x000000006bef0000 - 0x000000006bf06000 	C:\Program Files\Java\jdk1.8.0_151\jre\bin\zip.dll
0x00007ffde92d0000 - 0x00007ffdea706000 	C:\WINDOWS\System32\SHELL32.dll
0x00007ffdeab70000 - 0x00007ffdeac16000 	C:\WINDOWS\System32\shcore.dll
0x00007ffde7a60000 - 0x00007ffde81a7000 	C:\WINDOWS\System32\windows.storage.dll
0x00007ffdea770000 - 0x00007ffdea7c1000 	C:\WINDOWS\System32\shlwapi.dll
0x00007ffde7590000 - 0x00007ffde75a1000 	C:\WINDOWS\System32\kernel.appcore.dll
0x00007ffde75b0000 - 0x00007ffde75fc000 	C:\WINDOWS\System32\powrprof.dll
0x00007ffde7570000 - 0x00007ffde758b000 	C:\WINDOWS\System32\profapi.dll
0x000000006bed0000 - 0x000000006beea000 	C:\Program Files\Java\jdk1.8.0_151\jre\bin\net.dll
0x00007ffde6de0000 - 0x00007ffde6e46000 	C:\WINDOWS\system32\mswsock.dll
0x000000006beb0000 - 0x000000006bec1000 	C:\Program Files\Java\jdk1.8.0_151\jre\bin\nio.dll
0x00007ffdde940000 - 0x00007ffdde95e000 	C:\Users\ice\.gradle\native\25\windows-amd64\native-platform.dll
0x000000006bea0000 - 0x000000006bead000 	C:\Program Files\Java\jdk1.8.0_151\jre\bin\management.dll
0x00007ffde6fa0000 - 0x00007ffde6fb7000 	C:\WINDOWS\SYSTEM32\CRYPTSP.dll
0x00007ffde69e0000 - 0x00007ffde6a13000 	C:\WINDOWS\system32\rsaenh.dll
0x00007ffde70b0000 - 0x00007ffde70d5000 	C:\WINDOWS\SYSTEM32\bcrypt.dll
0x00007ffde7450000 - 0x00007ffde7479000 	C:\WINDOWS\SYSTEM32\USERENV.dll
0x00007ffde6fc0000 - 0x00007ffde6fcb000 	C:\WINDOWS\SYSTEM32\CRYPTBASE.dll
0x00007ffde6b70000 - 0x00007ffde6ba9000 	C:\WINDOWS\SYSTEM32\IPHLPAPI.DLL
0x00007ffde9260000 - 0x00007ffde9268000 	C:\WINDOWS\System32\NSI.dll
0x00007ffddd150000 - 0x00007ffddd166000 	C:\WINDOWS\SYSTEM32\dhcpcsvc6.DLL
0x00007ffddd130000 - 0x00007ffddd14a000 	C:\WINDOWS\SYSTEM32\dhcpcsvc.DLL
0x00007ffde6680000 - 0x00007ffde66b1000 	C:\WINDOWS\SYSTEM32\ntmarta.dll

VM Arguments:
jvm_args: -XX:+HeapDumpOnOutOfMemoryError -Xmx1024m -Dfile.encoding=GBK -Duser.country=CN -Duser.language=zh -Duser.variant 
java_command: org.gradle.launcher.daemon.bootstrap.GradleDaemon 4.4
java_class_path (initial): C:\Users\ice\.gradle\wrapper\dists\gradle-4.4-all\9br9xq1tocpiv8o6njlyu5op1\gradle-4.4\lib\gradle-launcher-4.4.jar
Launcher Type: SUN_STANDARD

Environment Variables:
JAVA_HOME=C:\Program Files\Java\jdk1.8.0_151
CLASSPATH= .;C:\Program Files\Java\jdk1.8.0_151\lib;C:\Program Files\Java\jdk1.8.0_151\lib\tools.jar 
PATH=C:\ProgramData\Oracle\Java\javapath;D:\python2.7.14\;D:\python2.7.14\Scripts;C:\Program Files\Java\jdk1.8.0_151\bin;C:\Program Files (x86)\SepanderSoft;C:\Windows\system32;C:\Windows;C:\Windows\System32\Wbem;C:\Windows\System32\WindowsPowerShell\v1.0\;C:\ProgramData\chocolatey\bin;E:\android-ndk-r14b;C:\WINDOWS\system32;C:\WINDOWS;C:\WINDOWS\System32\Wbem;C:\WINDOWS\System32\WindowsPowerShell\v1.0\;C:\Program Files\TortoiseSVN\bin;D:\python2.7.14\;D:\python2.7.14\Scripts;E:\Program Files\Java\jdk1.8.0_121\bin;C:\Program Files (x86)\SepanderSoft;C:\ProgramData\Oracle\Java\javapath;C:\Windows\system32;C:\Windows;C:\Windows\System32\Wbem;C:\Windows\System32\WindowsPowerShell\v1.0\;C:\Program Files (x86)\NVIDIA Corporation\PhysX\Common;C:\ProgramData\chocolatey\bin;E:\android-ndk-r14b;C:\WINDOWS\system32;C:\WINDOWS;C:\WINDOWS\System32\Wbem;C:\WINDOWS\System32\WindowsPowerShell\v1.0\;C:\Program Files\TortoiseSVN\bin;C:\Users\ice\AppData\Local\Microsoft\WindowsApps;D:\adroid-sdk\tools;D:\adroid-sdk\platform-tools;C:\Python27;C:\Users\ice\AppData\Local\Microsoft\WindowsApps;
USERNAME=ice
OS=Windows_NT
PROCESSOR_IDENTIFIER=Intel64 Family 6 Model 94 Stepping 3, GenuineIntel



---------------  S Y S T E M  ---------------

OS: Windows 10.0 , 64 bit Build 16299 (10.0.16299.15)

CPU:total 4 (initial active 4) (4 cores per cpu, 1 threads per core) family 6 model 94 stepping 3, cmov, cx8, fxsr, mmx, sse, sse2, sse3, ssse3, sse4.1, sse4.2, popcnt, avx, avx2, aes, clmul, erms, rtm, 3dnowpref, lzcnt, tsc, tscinvbit, bmi1, bmi2, adx

Memory: 4k page, physical 8212392k(336516k free), swap 8212392k(2680k free)

vm_info: Java HotSpot(TM) 64-Bit Server VM (25.151-b12) for windows-amd64 JRE (1.8.0_151-b12), built on Sep  5 2017 19:33:46 by "java_re" with MS VC++ 10.0 (VS2010)

time: Wed Apr 11 17:24:01 2018
elapsed time: 114 seconds (0d 0h 1m 54s)

